# JRE version: OpenJDK Runtime Environment (7.0_201) (build 1.7.0_201-b00)
# Java VM: OpenJDK 64-Bit Server VM (24.201-b00 mixed mode linux-amd64 compressed oops)
Heap
 PSYoungGen      total 66048K, used 16230K [0x00000000eb700000, 0x00000000f4600000, 0x0000000100000000)
  eden space 63488K, 21% used [0x00000000eb700000,0x00000000ec460180,0x00000000ef500000)
  from space 2560K, 98% used [0x00000000ef500000,0x00000000ef779788,0x00000000ef780000)
  to   space 9728K, 0% used [0x00000000f3c80000,0x00000000f3c80000,0x00000000f4600000)
 ParOldGen       total 41984K, used 12571K [0x00000000c2600000, 0x00000000c4f00000, 0x00000000eb700000)
  object space 41984K, 29% used [0x00000000c2600000,0x00000000c3246e40,0x00000000c4f00000)
 PSPermGen       total 21504K, used 15318K [0x00000000b8000000, 0x00000000b9500000, 0x00000000c2600000)
  object space 21504K, 71% used [0x00000000b8000000,0x00000000b8ef5a40,0x00000000b9500000)
GC Heap History (10 events):
Event: 0.506 GC heap before
{Heap before GC invocations=1 (full 0):
 PSYoungGen      total 18432K, used 15872K [0x00000000eb700000, 0x00000000ecb80000, 0x0000000100000000)
  eden space 15872K, 100% used [0x00000000eb700000,0x00000000ec680000,0x00000000ec680000)
  from space 2560K, 0% used [0x00000000ec900000,0x00000000ec900000,0x00000000ecb80000)
  to   space 2560K, 0% used [0x00000000ec680000,0x00000000ec680000,0x00000000ec900000)
 ParOldGen       total 41984K, used 0K [0x00000000c2600000, 0x00000000c4f00000, 0x00000000eb700000)
  object space 41984K, 0% used [0x00000000c2600000,0x00000000c2600000,0x00000000c4f00000)
 PSPermGen       total 21504K, used 7876K [0x00000000b8000000, 0x00000000b9500000, 0x00000000c2600000)
  object space 21504K, 36% used [0x00000000b8000000,0x00000000b87b12a8,0x00000000b9500000)
Event: 0.513 GC heap after
Heap after GC invocations=1 (full 0):
 PSYoungGen      total 18432K, used 2549K [0x00000000eb700000, 0x00000000edb00000, 0x0000000100000000)
  eden space 15872K, 0% used [0x00000000eb700000,0x00000000eb700000,0x00000000ec680000)
  from space 2560K, 99% used [0x00000000ec680000,0x00000000ec8fd438,0x00000000ec900000)
  to   space 2560K, 0% used [0x00000000ed880000,0x00000000ed880000,0x00000000edb00000)
 ParOldGen       total 41984K, used 471K [0x00000000c2600000, 0x00000000c4f00000, 0x00000000eb700000)
  object space 41984K, 1% used [0x00000000c2600000,0x00000000c2675fb8,0x00000000c4f00000)
 PSPermGen       total 21504K, used 7876K [0x00000000b8000000, 0x00000000b9500000, 0x00000000c2600000)
  object space 21504K, 36% used [0x00000000b8000000,0x00000000b87b12a8,0x00000000b9500000)
}
Event: 1.097 GC heap before
{Heap before GC invocations=2 (full 0):
 PSYoungGen      total 18432K, used 18421K [0x00000000eb700000, 0x00000000edb00000, 0x0000000100000000)
  eden space 15872K, 100% used [0x00000000eb700000,0x00000000ec680000,0x00000000ec680000)
  from space 2560K, 99% used [0x00000000ec680000,0x00000000ec8fd438,0x00000000ec900000)
  to   space 2560K, 0% used [0x00000000ed880000,0x00000000ed880000,0x00000000edb00000)
 ParOldGen       total 41984K, used 471K [0x00000000c2600000, 0x00000000c4f00000, 0x00000000eb700000)
  object space 41984K, 1% used [0x00000000c2600000,0x00000000c2675fb8,0x00000000c4f00000)
 PSPermGen       total 21504K, used 13205K [0x00000000b8000000, 0x00000000b9500000, 0x00000000c2600000)
  object space 21504K, 61% used [0x00000000b8000000,0x00000000b8ce55e0,0x00000000b9500000)
Event: 1.105 GC heap after
Heap after GC invocations=2 (full 0):
 PSYoungGen      total 34304K, used 2449K [0x00000000eb700000, 0x00000000edb00000, 0x0000000100000000)
  eden space 31744K, 0% used [0x00000000eb700000,0x00000000eb700000,0x00000000ed600000)
  from space 2560K, 95% used [0x00000000ed880000,0x00000000edae44f8,0x00000000edb00000)
  to   space 2560K, 0% used [0x00000000ed600000,0x00000000ed600000,0x00000000ed880000)
 ParOldGen       total 41984K, used 471K [0x00000000c2600000, 0x00000000c4f00000, 0x00000000eb700000)
  object space 41984K, 1% used [0x00000000c2600000,0x00000000c2675fb8,0x00000000c4f00000)
 PSPermGen       total 21504K, used 13205K [0x00000000b8000000, 0x00000000b9500000, 0x00000000c2600000)
  object space 21504K, 61% used [0x00000000b8000000,0x00000000b8ce55e0,0x00000000b9500000)
}
Event: 2.746 GC heap before
{Heap before GC invocations=3 (full 0):
 PSYoungGen      total 34304K, used 34193K [0x00000000eb700000, 0x00000000edb00000, 0x0000000100000000)
  eden space 31744K, 100% used [0x00000000eb700000,0x00000000ed600000,0x00000000ed600000)
  from space 2560K, 95% used [0x00000000ed880000,0x00000000edae44f8,0x00000000edb00000)
  to   space 2560K, 0% used [0x00000000ed600000,0x00000000ed600000,0x00000000ed880000)
 ParOldGen       total 41984K, used 471K [0x00000000c2600000, 0x00000000c4f00000, 0x00000000eb700000)
  object space 41984K, 1% used [0x00000000c2600000,0x00000000c2675fb8,0x00000000c4f00000)
 PSPermGen       total 21504K, used 14206K [0x00000000b8000000, 0x00000000b9500000, 0x00000000c2600000)
  object space 21504K, 66% used [0x00000000b8000000,0x00000000b8ddf8c8,0x00000000b9500000)
Event: 2.763 GC heap after
Heap after GC invocations=3 (full 0):
 PSYoungGen      total 34304K, used 2535K [0x00000000eb700000, 0x00000000efa00000, 0x0000000100000000)
  eden space 31744K, 0% used [0x00000000eb700000,0x00000000eb700000,0x00000000ed600000)
  from space 2560K, 99% used [0x00000000ed600000,0x00000000ed879c30,0x00000000ed880000)
  to   space 2560K, 0% used [0x00000000ef780000,0x00000000ef780000,0x00000000efa00000)
 ParOldGen       total 41984K, used 3089K [0x00000000c2600000, 0x00000000c4f00000, 0x00000000eb700000)
  object space 41984K, 7% used [0x00000000c2600000,0x00000000c2904658,0x00000000c4f00000)
 PSPermGen       total 21504K, used 14206K [0x00000000b8000000, 0x00000000b9500000, 0x00000000c2600000)
  object space 21504K, 66% used [0x00000000b8000000,0x00000000b8ddf8c8,0x00000000b9500000)
}
Event: 3.856 GC heap before
{Heap before GC invocations=4 (full 0):
 PSYoungGen      total 34304K, used 34279K [0x00000000eb700000, 0x00000000efa00000, 0x0000000100000000)
  eden space 31744K, 100% used [0x00000000eb700000,0x00000000ed600000,0x00000000ed600000)
  from space 2560K, 99% used [0x00000000ed600000,0x00000000ed879c30,0x00000000ed880000)
  to   space 2560K, 0% used [0x00000000ef780000,0x00000000ef780000,0x00000000efa00000)
 ParOldGen       total 41984K, used 3089K [0x00000000c2600000, 0x00000000c4f00000, 0x00000000eb700000)
  object space 41984K, 7% used [0x00000000c2600000,0x00000000c2904658,0x00000000c4f00000)
 PSPermGen       total 21504K, used 14476K [0x00000000b8000000, 0x00000000b9500000, 0x00000000c2600000)
  object space 21504K, 67% used [0x00000000b8000000,0x00000000b8e23330,0x00000000b9500000)
Event: 3.882 GC heap after
Heap after GC invocations=4 (full 0):
 PSYoungGen      total 66048K, used 2544K [0x00000000eb700000, 0x00000000efa00000, 0x0000000100000000)
  eden space 63488K, 0% used [0x00000000eb700000,0x00000000eb700000,0x00000000ef500000)
  from space 2560K, 99% used [0x00000000ef780000,0x00000000ef9fc030,0x00000000efa00000)
  to   space 2560K, 0% used [0x00000000ef500000,0x00000000ef500000,0x00000000ef780000)
 ParOldGen       total 41984K, used 5319K [0x00000000c2600000, 0x00000000c4f00000, 0x00000000eb700000)
  object space 41984K, 12% used [0x00000000c2600000,0x00000000c2b31e00,0x00000000c4f00000)
 PSPermGen       total 21504K, used 14476K [0x00000000b8000000, 0x00000000b9500000, 0x00000000c2600000)
  object space 21504K, 67% used [0x00000000b8000000,0x00000000b8e23330,0x00000000b9500000)
}
Event: 5.344 GC heap before
{Heap before GC invocations=5 (full 0):
 PSYoungGen      total 66048K, used 66032K [0x00000000eb700000, 0x00000000efa00000, 0x0000000100000000)
  eden space 63488K, 100% used [0x00000000eb700000,0x00000000ef500000,0x00000000ef500000)
  from space 2560K, 99% used [0x00000000ef780000,0x00000000ef9fc030,0x00000000efa00000)
  to   space 2560K, 0% used [0x00000000ef500000,0x00000000ef500000,0x00000000ef780000)
 ParOldGen       total 41984K, used 5319K [0x00000000c2600000, 0x00000000c4f00000, 0x00000000eb700000)
  object space 41984K, 12% used [0x00000000c2600000,0x00000000c2b31e00,0x00000000c4f00000)
 PSPermGen       total 21504K, used 14893K [0x00000000b8000000, 0x00000000b9500000, 0x00000000c2600000)
  object space 21504K, 69% used [0x00000000b8000000,0x00000000b8e8b778,0x00000000b9500000)
Event: 5.397 GC heap after
Heap after GC invocations=5 (full 0):
 PSYoungGen      total 66048K, used 2533K [0x00000000eb700000, 0x00000000f4600000, 0x0000000100000000)
  eden space 63488K, 0% used [0x00000000eb700000,0x00000000eb700000,0x00000000ef500000)
  from space 2560K, 98% used [0x00000000ef500000,0x00000000ef779788,0x00000000ef780000)
  to   space 9728K, 0% used [0x00000000f3c80000,0x00000000f3c80000,0x00000000f4600000)
 ParOldGen       total 41984K, used 12571K [0x00000000c2600000, 0x00000000c4f00000, 0x00000000eb700000)
  object space 41984K, 29% used [0x00000000c2600000,0x00000000c3246e40,0x00000000c4f00000)
 PSPermGen       total 21504K, used 14893K [0x00000000b8000000, 0x00000000b9500000, 0x00000000c2600000)
  object space 21504K, 69% used [0x00000000b8000000,0x00000000b8e8b778,0x00000000b9500000)
}

